{"name": "Button click test", "status": "broken", "statusDetails": {"message": "selenium.common.exceptions.NoSuchElementException: Message: An element could not be located on the page using the given search parameters.; For documentation on this error, please visit: https://www.selenium.dev/documentation/webdriver/troubleshooting/errors#no-such-element-exception\nStacktrace:\nNoSuchElementError: An element could not be located on the page using the given search parameters.\n    at AndroidUiautomator2Driver.findElOrEls (/Applications/Appium Server GUI.app/Contents/Resources/app/node_modules/appium/node_modules/appium-android-driver/lib/commands/find.js:75:11)\n    at runMicrotasks (<anonymous>)\n    at processTicksAndRejections (internal/process/task_queues.js:97:5)\n    at AndroidUiautomator2Driver.findElOrElsWithProcessing (/Applications/Appium Server GUI.app/Contents/Resources/app/node_modules/appium/node_modules/appium-base-driver/lib/basedriver/commands/find.js:33:12)\n    at AndroidUiautomator2Driver.findElement (/Applications/Appium Server GUI.app/Contents/Resources/app/node_modules/appium/node_modules/appium-base-driver/lib/basedriver/commands/find.js:53:10)\n", "trace": "  File \"/Users/danielseo/PycharmProjects/pythonProject2/venv/lib/python3.9/site-packages/behave/model.py\", line 1329, in run\n    match.run(runner.context)\n  File \"/Users/danielseo/PycharmProjects/pythonProject2/venv/lib/python3.9/site-packages/behave/matchers.py\", line 98, in run\n    self.func(context, *args, **kwargs)\n  File \"features/steps/test01.py\", line 35, in step_impl\n    context.driver.find_element(By.XPATH, \"//*[@text='상품 관리']\").click()\n  File \"/Users/danielseo/PycharmProjects/pythonProject2/venv/lib/python3.9/site-packages/appium/webdriver/webdriver.py\", line 382, in find_element\n    return self.execute(RemoteCommand.FIND_ELEMENT, {'using': by, 'value': value})['value']\n  File \"/Users/danielseo/PycharmProjects/pythonProject2/venv/lib/python3.9/site-packages/selenium/webdriver/remote/webdriver.py\", line 354, in execute\n    self.error_handler.check_response(response)\n  File \"/Users/danielseo/PycharmProjects/pythonProject2/venv/lib/python3.9/site-packages/appium/webdriver/errorhandler.py\", line 125, in check_response\n    raise exception_class(msg=message, stacktrace=format_stacktrace(stacktrace))\n"}, "steps": [{"name": "Given I have launched the app", "status": "passed", "start": 1729735559031, "stop": 1729735567804}, {"name": "When I click the product management button", "status": "broken", "statusDetails": {"message": "selenium.common.exceptions.NoSuchElementException: Message: An element could not be located on the page using the given search parameters.; For documentation on this error, please visit: https://www.selenium.dev/documentation/webdriver/troubleshooting/errors#no-such-element-exception\nStacktrace:\nNoSuchElementError: An element could not be located on the page using the given search parameters.\n    at AndroidUiautomator2Driver.findElOrEls (/Applications/Appium Server GUI.app/Contents/Resources/app/node_modules/appium/node_modules/appium-android-driver/lib/commands/find.js:75:11)\n    at runMicrotasks (<anonymous>)\n    at processTicksAndRejections (internal/process/task_queues.js:97:5)\n    at AndroidUiautomator2Driver.findElOrElsWithProcessing (/Applications/Appium Server GUI.app/Contents/Resources/app/node_modules/appium/node_modules/appium-base-driver/lib/basedriver/commands/find.js:33:12)\n    at AndroidUiautomator2Driver.findElement (/Applications/Appium Server GUI.app/Contents/Resources/app/node_modules/appium/node_modules/appium-base-driver/lib/basedriver/commands/find.js:53:10)\n", "trace": "  File \"/Users/danielseo/PycharmProjects/pythonProject2/venv/lib/python3.9/site-packages/behave/model.py\", line 1329, in run\n    match.run(runner.context)\n  File \"/Users/danielseo/PycharmProjects/pythonProject2/venv/lib/python3.9/site-packages/behave/matchers.py\", line 98, in run\n    self.func(context, *args, **kwargs)\n  File \"features/steps/test01.py\", line 35, in step_impl\n    context.driver.find_element(By.XPATH, \"//*[@text='상품 관리']\").click()\n  File \"/Users/danielseo/PycharmProjects/pythonProject2/venv/lib/python3.9/site-packages/appium/webdriver/webdriver.py\", line 382, in find_element\n    return self.execute(RemoteCommand.FIND_ELEMENT, {'using': by, 'value': value})['value']\n  File \"/Users/danielseo/PycharmProjects/pythonProject2/venv/lib/python3.9/site-packages/selenium/webdriver/remote/webdriver.py\", line 354, in execute\n    self.error_handler.check_response(response)\n  File \"/Users/danielseo/PycharmProjects/pythonProject2/venv/lib/python3.9/site-packages/appium/webdriver/errorhandler.py\", line 125, in check_response\n    raise exception_class(msg=message, stacktrace=format_stacktrace(stacktrace))\n"}, "start": 1729735567804, "stop": 1729735568629}, {"name": "Then I should see the sound button", "status": "skipped", "start": 1729735568629, "stop": 1729735568629}], "start": 1729735559031, "stop": 1729735568629, "uuid": "33e563da-090a-47db-bdee-c4c1c942d6b8", "historyId": "079deaddf9fdef68a5d3ce1f2026093f", "fullName": "Button click functionality: Button click test", "labels": [{"name": "severity", "value": "normal"}, {"name": "feature", "value": "Button click functionality"}, {"name": "framework", "value": "behave"}, {"name": "language", "value": "cpython3"}]}